4/7/2020 1:15:18 PM	This log contains information about the import schema operation into project 'SQLExer' on computer 'DESKTOP-OO286LP' by user 'rebec'.
4/7/2020 1:15:18 PM	Import of database schema has started.
4/7/2020 1:15:29 PM	Gathering database credentials
4/7/2020 1:15:29 PM	Gathering database options
4/7/2020 1:15:29 PM	Gathering generic database scoped configuration option
4/7/2020 1:15:29 PM	Gathering users
4/7/2020 1:15:29 PM	Gathering roles
4/7/2020 1:15:29 PM	Gathering application roles
4/7/2020 1:15:29 PM	Gathering role memberships
4/7/2020 1:15:29 PM	Gathering filegroups
4/7/2020 1:15:29 PM	Gathering full-text catalogs
4/7/2020 1:15:29 PM	Gathering assemblies
4/7/2020 1:15:29 PM	Gathering certificates
4/7/2020 1:15:29 PM	Gathering asymmetric keys
4/7/2020 1:15:29 PM	Gathering symmetric keys
4/7/2020 1:15:29 PM	Gathering encrypted symmetric keys
4/7/2020 1:15:29 PM	Gathering schemas
4/7/2020 1:15:29 PM	Gathering XML schema collections
4/7/2020 1:15:29 PM	Gathering user-defined data types
4/7/2020 1:15:29 PM	Gathering user-defined types
4/7/2020 1:15:29 PM	Gathering table types
4/7/2020 1:15:29 PM	Gathering unique keys for table types
4/7/2020 1:15:29 PM	Gathering primary keys for table types
4/7/2020 1:15:29 PM	Gathering indexes for table types
4/7/2020 1:15:29 PM	Gathering check constraints for table types
4/7/2020 1:15:29 PM	Gathering default constraints for table types
4/7/2020 1:15:29 PM	Gathering partition functions
4/7/2020 1:15:29 PM	Gathering partition schemes
4/7/2020 1:15:29 PM	Gathering functions
4/7/2020 1:15:29 PM	Gathering encrypted functions
4/7/2020 1:15:29 PM	Gathering aggregates
4/7/2020 1:15:29 PM	Gathering procedures
4/7/2020 1:15:29 PM	Gathering encrypted procedures
4/7/2020 1:15:29 PM	Gathering tables
4/7/2020 1:15:29 PM	Gathering primary keys
4/7/2020 1:15:29 PM	Gathering unique constraints
4/7/2020 1:15:29 PM	Gathering foreign keys
4/7/2020 1:15:29 PM	Gathering default constraints
4/7/2020 1:15:29 PM	Gathering check constraints
4/7/2020 1:15:29 PM	Gathering views
4/7/2020 1:15:29 PM	Gathering encrypted views
4/7/2020 1:15:29 PM	Gathering indexes
4/7/2020 1:15:29 PM	Gathering statistics
4/7/2020 1:15:29 PM	Gathering full-text index stoplists
4/7/2020 1:15:29 PM	Gathering search property lists
4/7/2020 1:15:29 PM	Gathering search properties
4/7/2020 1:15:29 PM	Gathering full-text indexes
4/7/2020 1:15:29 PM	Gathering column store indexes
4/7/2020 1:15:29 PM	Gathering spatial indexes
4/7/2020 1:15:29 PM	Gathering XML indexes
4/7/2020 1:15:29 PM	Gathering Selective XML indexes
4/7/2020 1:15:29 PM	Gathering encrypted triggers
4/7/2020 1:15:29 PM	Gathering triggers
4/7/2020 1:15:29 PM	Gathering encrypted and clr ddl triggers
4/7/2020 1:15:29 PM	Gathering ddl triggers
4/7/2020 1:15:29 PM	Creating edge constraints
4/7/2020 1:15:29 PM	Gathering synonyms
4/7/2020 1:15:29 PM	Gathering defaults
4/7/2020 1:15:29 PM	Gathering data constraint uddt bindings
4/7/2020 1:15:29 PM	Gathering rules
4/7/2020 1:15:29 PM	Gathering data constraint uddt bindings
4/7/2020 1:15:29 PM	Gathering message types
4/7/2020 1:15:29 PM	Gathering queues
4/7/2020 1:15:29 PM	Gathering contracts
4/7/2020 1:15:29 PM	Gathering services
4/7/2020 1:15:29 PM	Gathering event notifications
4/7/2020 1:15:29 PM	Gathering remote service bindings
4/7/2020 1:15:29 PM	Gathering broker priorities
4/7/2020 1:15:29 PM	Gathering signatures
4/7/2020 1:15:29 PM	Gathering data compression options
4/7/2020 1:15:29 PM	Gathering sequence types
4/7/2020 1:15:29 PM	Gathering security policies
4/7/2020 1:15:29 PM	Gather column encryption keys
4/7/2020 1:15:29 PM	Gathering column master keys
4/7/2020 1:15:29 PM	Gathering external data sources
4/7/2020 1:15:29 PM	Gathering external file formats
4/7/2020 1:15:29 PM	Gathering external tables
4/7/2020 1:15:29 PM	Gathering extended properties
4/7/2020 1:15:29 PM	Gathering credentials
4/7/2020 1:15:29 PM	Gathering logins
4/7/2020 1:15:29 PM	Gathering server audits
4/7/2020 1:15:31 PM	Scanning project for duplicate elements
4/7/2020 1:15:32 PM	Finished duplicate element processing
4/7/2020 1:15:32 PM	Finished importing database.
4/7/2020 1:15:32 PM	A summary of the import was saved to the following location: C:\Users\rebec\source\repos\SQLExer\Import Schema Logs\SQLExer_20200407061518.log
4/7/2020 1:15:32 PM	Click Finish to continue...
